<?xml version="1.0" encoding="UTF-8"?>
<!-- Generated by org.testng.reporters.JUnitXMLReporter -->
<testsuite ignored="0" hostname="LAPTOP-HEROAPHO" failures="0" tests="5" name="Default test" time="17.103" errors="0" timestamp="2021-09-08T09:25:21 ICT">
  <testcase classname="r2s.store.test.TestLoginFail" name="LaunchWebSite" time="4.47"/>
  <testcase classname="r2s.store.test.TestLoginFail" name="DoLoginGoogle" time="2.445"/>
  <testcase classname="r2s.store.test.TestLoginFail" name="LoginWith_Usrname" time="1.292"/>
  <testcase classname="r2s.store.test.TestLoginFail" name="LoginWith_Password" time="1.158"/>
  <testcase classname="r2s.store.test.TestLoginFail" name="NextLoginWithPassword" time="3.928"/>
</testsuite> <!-- Default test -->
