<?xml version="1.0" encoding="UTF-8"?>
<testng-results ignored="0" total="5" passed="5" failed="0" skipped="0">
  <reporter-output>
  </reporter-output>
  <suite started-at="2021-09-08T09:25:03 ICT" name="Default suite" finished-at="2021-09-08T09:25:21 ICT" duration-ms="17103">
    <groups>
    </groups>
    <test started-at="2021-09-08T09:25:03 ICT" name="Default test" finished-at="2021-09-08T09:25:21 ICT" duration-ms="17103">
      <class name="r2s.store.test.TestLoginFail">
        <test-method is-config="true" signature="suiteSetUp()[pri:0, instance:r2s.store.test.TestLoginFail@202b0582]" started-at="2021-09-08T09:25:04 ICT" name="suiteSetUp" finished-at="2021-09-08T09:25:06 ICT" duration-ms="2908" status="PASS">
          <reporter-output>
          </reporter-output>
        </test-method> <!-- suiteSetUp -->
        <test-method signature="LaunchWebSite()[pri:1, instance:r2s.store.test.TestLoginFail@202b0582]" started-at="2021-09-08T09:25:06 ICT" name="LaunchWebSite" description="Opens Website" finished-at="2021-09-08T09:25:11 ICT" duration-ms="4470" status="PASS">
          <reporter-output>
          </reporter-output>
        </test-method> <!-- LaunchWebSite -->
        <test-method signature="DoLoginGoogle()[pri:2, instance:r2s.store.test.TestLoginFail@202b0582]" started-at="2021-09-08T09:25:11 ICT" name="DoLoginGoogle" description="Open form Login" finished-at="2021-09-08T09:25:13 ICT" duration-ms="2445" status="PASS">
          <reporter-output>
          </reporter-output>
        </test-method> <!-- DoLoginGoogle -->
        <test-method signature="LoginWith_Usrname()[pri:3, instance:r2s.store.test.TestLoginFail@202b0582]" started-at="2021-09-08T09:25:13 ICT" name="LoginWith_Usrname" description="Enter username" finished-at="2021-09-08T09:25:15 ICT" duration-ms="1292" status="PASS">
          <reporter-output>
          </reporter-output>
        </test-method> <!-- LoginWith_Usrname -->
        <test-method signature="LoginWith_Password()[pri:4, instance:r2s.store.test.TestLoginFail@202b0582]" started-at="2021-09-08T09:25:15 ICT" name="LoginWith_Password" description="Enter password" finished-at="2021-09-08T09:25:16 ICT" duration-ms="1158" status="PASS">
          <reporter-output>
          </reporter-output>
        </test-method> <!-- LoginWith_Password -->
        <test-method signature="NextLoginWithPassword()[pri:5, instance:r2s.store.test.TestLoginFail@202b0582]" started-at="2021-09-08T09:25:16 ICT" name="NextLoginWithPassword" description="Login With Login" finished-at="2021-09-08T09:25:20 ICT" duration-ms="3928" status="PASS">
          <reporter-output>
          </reporter-output>
        </test-method> <!-- NextLoginWithPassword -->
        <test-method is-config="true" signature="suiteTearDown()[pri:0, instance:r2s.store.test.TestLoginFail@202b0582]" started-at="2021-09-08T09:25:20 ICT" name="suiteTearDown" finished-at="2021-09-08T09:25:21 ICT" duration-ms="830" status="PASS">
          <reporter-output>
          </reporter-output>
        </test-method> <!-- suiteTearDown -->
      </class> <!-- r2s.store.test.TestLoginFail -->
    </test> <!-- Default test -->
  </suite> <!-- Default suite -->
</testng-results>
